d:\oop\courseproject\courseproject\cardgame\x64\debug\vc143.pdb
d:\oop\courseproject\courseproject\cardgame\x64\debug\vc143.idb
d:\oop\courseproject\courseproject\cardgame\x64\debug\ruleparser.obj
d:\oop\courseproject\courseproject\cardgame\x64\debug\player.obj
d:\oop\courseproject\courseproject\cardgame\x64\debug\gamerule.obj
d:\oop\courseproject\courseproject\cardgame\x64\debug\game.obj
d:\oop\courseproject\courseproject\cardgame\x64\debug\deck.obj
d:\oop\courseproject\courseproject\cardgame\x64\debug\cardgame.obj
d:\oop\courseproject\courseproject\cardgame\x64\debug\card.obj
d:\oop\courseproject\courseproject\x64\debug\cardgame.exe
d:\oop\courseproject\courseproject\x64\debug\cardgame.pdb
d:\oop\courseproject\courseproject\cardgame\x64\debug\cardgame.ilk
d:\oop\courseproject\courseproject\cardgame\x64\debug\cardgame.tlog\cl.command.1.tlog
d:\oop\courseproject\courseproject\cardgame\x64\debug\cardgame.tlog\cl.items.tlog
d:\oop\courseproject\courseproject\cardgame\x64\debug\cardgame.tlog\cl.read.1.tlog
d:\oop\courseproject\courseproject\cardgame\x64\debug\cardgame.tlog\cl.write.1.tlog
d:\oop\courseproject\courseproject\cardgame\x64\debug\cardgame.tlog\link.command.1.tlog
d:\oop\courseproject\courseproject\cardgame\x64\debug\cardgame.tlog\link.read.1.tlog
d:\oop\courseproject\courseproject\cardgame\x64\debug\cardgame.tlog\link.secondary.1.tlog
d:\oop\courseproject\courseproject\cardgame\x64\debug\cardgame.tlog\link.write.1.tlog
